#
# There is insufficient memory for the Java Runtime Environment to continue.
# Native memory allocation (malloc) failed to allocate 65552 bytes for Chunk::new
# Possible reasons:
#   The system is out of physical RAM or swap space
#   The process is running with CompressedOops enabled, and the Java Heap may be blocking the growth of the native heap
# Possible solutions:
#   Reduce memory load on the system
#   Increase physical memory or swap space
#   Check if swap backing store is full
#   Decrease Java heap size (-Xmx/-Xms)
#   Decrease number of Java threads
#   Decrease Java thread stack sizes (-Xss)
#   Set larger code cache with -XX:ReservedCodeCacheSize=
#   JVM is running with Zero Based Compressed Oops mode in which the Java heap is
#     placed in the first 32GB address space. The Java Heap base address is the
#     maximum limit for the native heap growth. Please use -XX:HeapBaseMinAddress
#     to set the Java Heap base and to place the Java Heap above 32GB virtual address.
# This output file may be truncated or incomplete.
#
#  Out of Memory Error (allocation.cpp:389), pid=17004, tid=0x0000000000003fa0
#
# JRE version: Java(TM) SE Runtime Environment (8.0_241-b07) (build 1.8.0_241-b07)
# Java VM: Java HotSpot(TM) 64-Bit Server VM (25.241-b07 mixed mode windows-amd64 compressed oops)
# Failed to write core dump. Minidumps are not enabled by default on client versions of Windows
#

---------------  T H R E A D  ---------------

Current thread (0x000000001edd8000):  JavaThread "C2 CompilerThread0" daemon [_thread_in_native, id=16288, stack(0x000000001f6a0000,0x000000001f7a0000)]

Stack: [0x000000001f6a0000,0x000000001f7a0000]
[error occurred during error reporting (printing stack bounds), id 0xc0000005]

Native frames: (J=compiled Java code, j=interpreted, Vv=VM code, C=native code)


Current CompileTask:
C2:  36136 13502   !   4       org.gradle.api.internal.artifacts.transform.TransformingAsyncArtifactListener$TransformedArtifact::finalizeValue (165 bytes)


---------------  P R O C E S S  ---------------

Java Threads: ( => current thread )
  0x000000003197e000 JavaThread "stdout" [_thread_in_native, id=14712, stack(0x0000000035b00000,0x0000000035c00000)]
  0x0000000031979800 JavaThread "stderr" [_thread_in_native, id=9520, stack(0x0000000035a00000,0x0000000035b00000)]
  0x0000000031972000 JavaThread "pool-4-thread-1" [_thread_blocked, id=17564, stack(0x00000000354a0000,0x00000000355a0000)]
  0x0000000031973800 JavaThread "WorkerExecutor Queue" [_thread_blocked, id=11788, stack(0x0000000034d80000,0x0000000034e80000)]
  0x0000000031977800 JavaThread "Cache worker for execution history cache (D:\Files\react_native_projects\Sportify\android\.gradle\7.2\executionHistory)" [_thread_blocked, id=16432, stack(0x0000000034580000,0x0000000034680000)]
  0x0000000031973000 JavaThread "Execution worker for ':' Thread 7" [_thread_blocked, id=18312, stack(0x0000000034480000,0x0000000034580000)]
  0x0000000031976800 JavaThread "Execution worker for ':' Thread 6" [_thread_blocked, id=15444, stack(0x0000000034380000,0x0000000034480000)]
  0x0000000031976000 JavaThread "Execution worker for ':' Thread 5" [_thread_in_vm, id=2852, stack(0x0000000034280000,0x0000000034380000)]
  0x0000000031970000 JavaThread "Execution worker for ':' Thread 4" [_thread_blocked, id=6992, stack(0x0000000034180000,0x0000000034280000)]
  0x0000000031975000 JavaThread "Execution worker for ':' Thread 3" [_thread_blocked, id=4044, stack(0x0000000032a90000,0x0000000032b90000)]
  0x000000002722b000 JavaThread "Execution worker for ':' Thread 2" [_thread_blocked, id=8556, stack(0x0000000032120000,0x0000000032220000)]
  0x000000002722a000 JavaThread "Execution worker for ':'" [_thread_blocked, id=17132, stack(0x0000000030e10000,0x0000000030f10000)]
  0x0000000027229800 JavaThread "build event listener" [_thread_blocked, id=18192, stack(0x0000000030a80000,0x0000000030b80000)]
  0x0000000027228000 JavaThread "build event listener" [_thread_blocked, id=14332, stack(0x000000002ff60000,0x0000000030060000)]
  0x0000000027222800 JavaThread "Memory manager" [_thread_blocked, id=17728, stack(0x000000002fe60000,0x000000002ff60000)]
  0x000000002721e000 JavaThread "jar transforms Thread 8" [_thread_blocked, id=17596, stack(0x000000002f560000,0x000000002f660000)]
  0x0000000027225000 JavaThread "jar transforms Thread 7" [_thread_blocked, id=17160, stack(0x000000002f460000,0x000000002f560000)]
  0x0000000027224000 JavaThread "jar transforms Thread 6" [_thread_blocked, id=18360, stack(0x000000002f360000,0x000000002f460000)]
  0x0000000027222000 JavaThread "Unconstrained build operations Thread 80" [_thread_blocked, id=12784, stack(0x000000002f260000,0x000000002f360000)]
  0x000000002721d800 JavaThread "Unconstrained build operations Thread 79" [_thread_blocked, id=1236, stack(0x000000002f160000,0x000000002f260000)]
  0x0000000027223800 JavaThread "Unconstrained build operations Thread 78" [_thread_blocked, id=5136, stack(0x000000002f060000,0x000000002f160000)]
  0x000000002721c800 JavaThread "Unconstrained build operations Thread 77" [_thread_blocked, id=16996, stack(0x000000002ef60000,0x000000002f060000)]
  0x000000002721c000 JavaThread "Unconstrained build operations Thread 76" [_thread_blocked, id=12352, stack(0x000000002ee60000,0x000000002ef60000)]
  0x000000002721f800 JavaThread "Unconstrained build operations Thread 75" [_thread_blocked, id=17436, stack(0x000000002ed60000,0x000000002ee60000)]
  0x0000000027220800 JavaThread "Unconstrained build operations Thread 74" [_thread_blocked, id=17992, stack(0x000000002ec60000,0x000000002ed60000)]
  0x0000000027221000 JavaThread "Unconstrained build operations Thread 73" [_thread_blocked, id=14280, stack(0x000000002eb60000,0x000000002ec60000)]
  0x0000000024a6c000 JavaThread "Unconstrained build operations Thread 72" [_thread_blocked, id=2808, stack(0x000000002ea60000,0x000000002eb60000)]
  0x0000000024a71000 JavaThread "Unconstrained build operations Thread 71" [_thread_blocked, id=16292, stack(0x000000002e960000,0x000000002ea60000)]
  0x0000000024a6f800 JavaThread "Unconstrained build operations Thread 70" [_thread_blocked, id=12728, stack(0x000000002e860000,0x000000002e960000)]
  0x0000000024a6b800 JavaThread "Unconstrained build operations Thread 69" [_thread_blocked, id=17476, stack(0x000000002e760000,0x000000002e860000)]
  0x0000000024a6e800 JavaThread "Unconstrained build operations Thread 68" [_thread_blocked, id=7516, stack(0x000000002e660000,0x000000002e760000)]
  0x0000000024a71800 JavaThread "Unconstrained build operations Thread 67" [_thread_blocked, id=17884, stack(0x000000002e560000,0x000000002e660000)]
  0x0000000024a70000 JavaThread "Unconstrained build operations Thread 66" [_thread_blocked, id=14772, stack(0x000000002e460000,0x000000002e560000)]
  0x0000000024a6e000 JavaThread "Unconstrained build operations Thread 65" [_thread_blocked, id=16820, stack(0x000000002e360000,0x000000002e460000)]
  0x0000000024a72800 JavaThread "Unconstrained build operations Thread 64" [_thread_blocked, id=1636, stack(0x000000002e260000,0x000000002e360000)]
  0x0000000024a6d000 JavaThread "Unconstrained build operations Thread 63" [_thread_blocked, id=1744, stack(0x000000002e160000,0x000000002e260000)]
  0x0000000024a64800 JavaThread "Unconstrained build operations Thread 62" [_thread_blocked, id=17908, stack(0x000000002e060000,0x000000002e160000)]
  0x0000000024a6a800 JavaThread "Unconstrained build operations Thread 61" [_thread_blocked, id=9288, stack(0x000000002df60000,0x000000002e060000)]
  0x0000000024a63000 JavaThread "Unconstrained build operations Thread 60" [_thread_blocked, id=600, stack(0x000000002de60000,0x000000002df60000)]
  0x0000000024a6a000 JavaThread "Unconstrained build operations Thread 59" [_thread_blocked, id=17440, stack(0x000000002dd60000,0x000000002de60000)]
  0x0000000024a64000 JavaThread "Unconstrained build operations Thread 58" [_thread_blocked, id=17248, stack(0x000000002dc60000,0x000000002dd60000)]
  0x0000000024a69000 JavaThread "Unconstrained build operations Thread 57" [_thread_blocked, id=17184, stack(0x000000002da60000,0x000000002db60000)]
  0x0000000024a68800 JavaThread "Unconstrained build operations Thread 56" [_thread_blocked, id=10932, stack(0x000000002d960000,0x000000002da60000)]
  0x0000000024a67800 JavaThread "Unconstrained build operations Thread 55" [_thread_blocked, id=13292, stack(0x000000002d860000,0x000000002d960000)]
  0x0000000024a66000 JavaThread "Unconstrained build operations Thread 54" [_thread_blocked, id=14936, stack(0x000000002d760000,0x000000002d860000)]
  0x0000000024a65800 JavaThread "Unconstrained build operations Thread 53" [_thread_blocked, id=12780, stack(0x000000002d660000,0x000000002d760000)]
  0x0000000024a67000 JavaThread "Unconstrained build operations Thread 52" [_thread_blocked, id=7964, stack(0x000000002d560000,0x000000002d660000)]
  0x000000002467b800 JavaThread "Unconstrained build operations Thread 51" [_thread_blocked, id=3044, stack(0x000000002d460000,0x000000002d560000)]
  0x000000002467a000 JavaThread "Unconstrained build operations Thread 50" [_thread_blocked, id=17972, stack(0x000000002d360000,0x000000002d460000)]
  0x0000000024677800 JavaThread "Unconstrained build operations Thread 49" [_thread_blocked, id=18384, stack(0x000000002d260000,0x000000002d360000)]
  0x0000000024677000 JavaThread "Unconstrained build operations Thread 48" [_thread_blocked, id=17088, stack(0x000000002d160000,0x000000002d260000)]
  0x000000002467c000 JavaThread "Unconstrained build operations Thread 47" [_thread_blocked, id=15256, stack(0x000000002d060000,0x000000002d160000)]
  0x0000000024678800 JavaThread "Unconstrained build operations Thread 46" [_thread_blocked, id=17852, stack(0x000000002cf60000,0x000000002d060000)]
  0x0000000024675800 JavaThread "Unconstrained build operations Thread 45" [_thread_blocked, id=2908, stack(0x000000002ce60000,0x000000002cf60000)]
  0x0000000024676000 JavaThread "Unconstrained build operations Thread 44" [_thread_blocked, id=17880, stack(0x000000002cd60000,0x000000002ce60000)]
  0x000000002467a800 JavaThread "Unconstrained build operations Thread 43" [_thread_blocked, id=9884, stack(0x000000002cc60000,0x000000002cd60000)]
  0x0000000024679000 JavaThread "Unconstrained build operations Thread 42" [_thread_blocked, id=1356, stack(0x000000002cb60000,0x000000002cc60000)]
  0x000000002466e800 JavaThread "Unconstrained build operations Thread 41" [_thread_blocked, id=16708, stack(0x000000002ca60000,0x000000002cb60000)]
  0x0000000024674800 JavaThread "Unconstrained build operations Thread 40" [_thread_blocked, id=13448, stack(0x000000002c960000,0x000000002ca60000)]
  0x000000002466d000 JavaThread "Unconstrained build operations Thread 39" [_thread_blocked, id=15192, stack(0x000000002c860000,0x000000002c960000)]
  0x0000000024674000 JavaThread "Unconstrained build operations Thread 38" [_thread_blocked, id=1996, stack(0x000000002c760000,0x000000002c860000)]
  0x0000000024672800 JavaThread "Unconstrained build operations Thread 37" [_thread_blocked, id=14756, stack(0x000000002c660000,0x000000002c760000)]
  0x0000000024671800 JavaThread "Unconstrained build operations Thread 36" [_thread_blocked, id=16012, stack(0x000000002c560000,0x000000002c660000)]
  0x0000000024671000 JavaThread "Unconstrained build operations Thread 35" [_thread_in_native, id=4832, stack(0x000000002c460000,0x000000002c560000)]
  0x0000000024670000 JavaThread "Unconstrained build operations Thread 34" [_thread_blocked, id=2884, stack(0x000000002c360000,0x000000002c460000)]
  0x000000002466e000 JavaThread "Unconstrained build operations Thread 33" [_thread_blocked, id=2476, stack(0x000000002c260000,0x000000002c360000)]
  0x000000002466f800 JavaThread "Unconstrained build operations Thread 32" [_thread_blocked, id=5892, stack(0x000000002c160000,0x000000002c260000)]
  0x0000000024673000 JavaThread "Unconstrained build operations Thread 31" [_thread_blocked, id=14788, stack(0x000000002c060000,0x000000002c160000)]
  0x0000000023fbb800 JavaThread "Unconstrained build operations Thread 30" [_thread_blocked, id=2108, stack(0x000000002bf60000,0x000000002c060000)]
  0x0000000023fba000 JavaThread "Unconstrained build operations Thread 29" [_thread_blocked, id=7068, stack(0x000000002be60000,0x000000002bf60000)]
  0x0000000023fb9000 JavaThread "Unconstrained build operations Thread 28" [_thread_blocked, id=10568, stack(0x000000002bd60000,0x000000002be60000)]
  0x0000000023fb8800 JavaThread "Unconstrained build operations Thread 27" [_thread_blocked, id=10904, stack(0x000000002bc60000,0x000000002bd60000)]
  0x0000000023fb7800 JavaThread "Unconstrained build operations Thread 26" [_thread_blocked, id=1956, stack(0x000000002bb60000,0x000000002bc60000)]
  0x0000000023fba800 JavaThread "Unconstrained build operations Thread 25" [_thread_blocked, id=7240, stack(0x000000002ba60000,0x000000002bb60000)]
  0x0000000023fb7000 JavaThread "Unconstrained build operations Thread 24" [_thread_blocked, id=8128, stack(0x000000002b960000,0x000000002ba60000)]
  0x0000000023faf800 JavaThread "Unconstrained build operations Thread 23" [_thread_blocked, id=1468, stack(0x000000002b860000,0x000000002b960000)]
  0x0000000023fb6000 JavaThread "Unconstrained build operations Thread 22" [_thread_blocked, id=3508, stack(0x000000002b760000,0x000000002b860000)]
  0x0000000023fae800 JavaThread "Unconstrained build operations Thread 21" [_thread_blocked, id=2144, stack(0x000000002b660000,0x000000002b760000)]
  0x0000000023fb5800 JavaThread "Unconstrained build operations Thread 20" [_thread_blocked, id=7696, stack(0x000000002b560000,0x000000002b660000)]
  0x0000000023fae000 JavaThread "Unconstrained build operations Thread 19" [_thread_blocked, id=12768, stack(0x000000002b460000,0x000000002b560000)]
  0x0000000023fb4800 JavaThread "Unconstrained build operations Thread 18" [_thread_blocked, id=14776, stack(0x000000002b360000,0x000000002b460000)]
  0x0000000023fad000 JavaThread "Unconstrained build operations Thread 17" [_thread_blocked, id=11656, stack(0x000000002b260000,0x000000002b360000)]
  0x0000000023fb1800 JavaThread "Unconstrained build operations Thread 16" [_thread_blocked, id=14888, stack(0x000000002b160000,0x000000002b260000)]
  0x0000000023fb1000 JavaThread "Unconstrained build operations Thread 15" [_thread_blocked, id=1332, stack(0x000000002b060000,0x000000002b160000)]
  0x0000000023fb3000 JavaThread "Unconstrained build operations Thread 14" [_thread_blocked, id=8588, stack(0x000000002af60000,0x000000002b060000)]
  0x0000000023fb4000 JavaThread "Unconstrained build operations Thread 13" [_thread_blocked, id=14796, stack(0x000000002ae60000,0x000000002af60000)]
  0x0000000023fb0000 JavaThread "Unconstrained build operations Thread 12" [_thread_blocked, id=10688, stack(0x000000002ad60000,0x000000002ae60000)]
  0x0000000023fac800 JavaThread "Unconstrained build operations Thread 11" [_thread_blocked, id=6036, stack(0x000000002ac60000,0x000000002ad60000)]
  0x0000000023fb2800 JavaThread "Unconstrained build operations Thread 10" [_thread_blocked, id=6240, stack(0x000000002ab60000,0x000000002ac60000)]
  0x00000000216d5000 JavaThread "Unconstrained build operations Thread 9" [_thread_blocked, id=16776, stack(0x000000002aa60000,0x000000002ab60000)]
  0x00000000216d2000 JavaThread "Unconstrained build operations Thread 8" [_thread_blocked, id=17848, stack(0x000000002a960000,0x000000002aa60000)]
  0x00000000216d3000 JavaThread "Unconstrained build operations Thread 7" [_thread_blocked, id=2052, stack(0x000000002a860000,0x000000002a960000)]
  0x00000000216d1800 JavaThread "Unconstrained build operations Thread 6" [_thread_blocked, id=3924, stack(0x000000002a760000,0x000000002a860000)]
  0x00000000216d0800 JavaThread "Unconstrained build operations Thread 5" [_thread_blocked, id=17800, stack(0x000000002a660000,0x000000002a760000)]
  0x00000000216d4800 JavaThread "Unconstrained build operations Thread 4" [_thread_blocked, id=9516, stack(0x000000002a560000,0x000000002a660000)]
  0x00000000216d6000 JavaThread "Unconstrained build operations Thread 3" [_thread_blocked, id=18000, stack(0x000000002a460000,0x000000002a560000)]
  0x00000000216d3800 JavaThread "Unconstrained build operations Thread 2" [_thread_blocked, id=6272, stack(0x000000002a360000,0x000000002a460000)]
  0x00000000216c9000 JavaThread "Unconstrained build operations" [_thread_blocked, id=9012, stack(0x000000002a260000,0x000000002a360000)]
  0x00000000216cd800 JavaThread "Cache worker for Build Output Cleanup Cache (D:\Files\react_native_projects\Sportify\android\.gradle\buildOutputCleanup)" [_thread_blocked, id=13152, stack(0x0000000029f60000,0x000000002a060000)]
  0x00000000216d0000 JavaThread "jar transforms Thread 5" [_thread_blocked, id=12280, stack(0x0000000029c60000,0x0000000029d60000)]
  0x00000000216c8800 JavaThread "Cache worker for dependencies-accessors (D:\Files\react_native_projects\Sportify\android\.gradle\7.2\dependencies-accessors)" [_thread_blocked, id=17172, stack(0x0000000029960000,0x0000000029a60000)]
  0x00000000216cf000 JavaThread "jar transforms Thread 4" [_thread_blocked, id=13020, stack(0x0000000029660000,0x0000000029760000)]
  0x00000000216cc000 JavaThread "jar transforms Thread 3" [_thread_blocked, id=9672, stack(0x0000000029560000,0x0000000029660000)]
  0x00000000216ca800 JavaThread "Cache worker for file content cache (C:\Users\catalin.pirvu\.gradle\caches\7.2\fileContent)" [_thread_blocked, id=17600, stack(0x0000000029460000,0x0000000029560000)]
  0x00000000216c7000 JavaThread "jar transforms Thread 2" [_thread_blocked, id=1864, stack(0x0000000029160000,0x0000000029260000)]
  0x00000000216c7800 JavaThread "jar transforms" [_thread_blocked, id=13328, stack(0x0000000029060000,0x0000000029160000)]
  0x00000000216ca000 JavaThread "Cache worker for execution history cache (C:\Users\catalin.pirvu\.gradle\caches\7.2\executionHistory)" [_thread_blocked, id=14932, stack(0x0000000027550000,0x0000000027650000)]
  0x00000000216cd000 JavaThread "Cache worker for cache directory md-rule (C:\Users\catalin.pirvu\.gradle\caches\7.2\md-rule)" [_thread_blocked, id=14352, stack(0x0000000026470000,0x0000000026570000)]
  0x000000001edf0000 JavaThread "Cache worker for cache directory md-supplier (C:\Users\catalin.pirvu\.gradle\caches\7.2\md-supplier)" [_thread_blocked, id=12920, stack(0x0000000026370000,0x0000000026470000)]
  0x000000001edee000 JavaThread "Cache worker for checksums cache (D:\Files\react_native_projects\Sportify\android\.gradle\checksums)" [_thread_blocked, id=4456, stack(0x0000000026270000,0x0000000026370000)]
  0x000000001edeb800 JavaThread "File watcher consumer" daemon [_thread_blocked, id=15704, stack(0x0000000025f70000,0x0000000026070000)]
  0x000000001eded000 JavaThread "File watcher server" daemon [_thread_in_native, id=7924, stack(0x0000000025e70000,0x0000000025f70000)]
  0x000000001edec800 JavaThread "Cache worker for file hash cache (D:\Files\react_native_projects\Sportify\android\.gradle\7.2\fileHashes)" [_thread_blocked, id=13904, stack(0x0000000027910000,0x0000000027a10000)]
  0x000000001edef800 JavaThread "Cache worker for file hash cache (C:\Users\catalin.pirvu\.gradle\caches\7.2\fileHashes)" [_thread_blocked, id=8568, stack(0x0000000023bd0000,0x0000000023cd0000)]
  0x000000001edee800 JavaThread "File lock request listener" [_thread_in_native, id=16704, stack(0x0000000023ad0000,0x0000000023bd0000)]
  0x000000001edeb000 JavaThread "Cache worker for journal cache (C:\Users\catalin.pirvu\.gradle\caches\journal-1)" [_thread_blocked, id=5412, stack(0x00000000239d0000,0x0000000023ad0000)]
  0x0000000021c02800 JavaThread "Daemon client event forwarder" [_thread_blocked, id=9248, stack(0x00000000236d0000,0x00000000237d0000)]
  0x0000000021bfe800 JavaThread "Stdin handler" [_thread_blocked, id=15796, stack(0x00000000235d0000,0x00000000236d0000)]
  0x0000000021bfd000 JavaThread "Asynchronous log dispatcher for DefaultDaemonConnection: socket connection from /127.0.0.1:57128 to /127.0.0.1:57129" [_thread_blocked, id=2576, stack(0x00000000233d0000,0x00000000234d0000)]
  0x0000000021c01800 JavaThread "Daemon worker" [_thread_blocked, id=17888, stack(0x00000000232d0000,0x00000000233d0000)]
  0x0000000021be8800 JavaThread "Cancel handler" [_thread_blocked, id=17816, stack(0x00000000231d0000,0x00000000232d0000)]
  0x0000000021b8a800 JavaThread "Handler for socket connection from /127.0.0.1:57128 to /127.0.0.1:57129" [_thread_in_native, id=17964, stack(0x00000000230d0000,0x00000000231d0000)]
  0x0000000021b87800 JavaThread "Daemon" [_thread_blocked, id=12696, stack(0x0000000022fd0000,0x00000000230d0000)]
  0x000000001ff47800 JavaThread "Daemon periodic checks" [_thread_blocked, id=13860, stack(0x0000000022cd0000,0x0000000022dd0000)]
  0x000000001ff47000 JavaThread "Incoming local TCP Connector on port 57128" [_thread_in_native, id=17544, stack(0x0000000022a90000,0x0000000022b90000)]
  0x0000000021c73000 JavaThread "Daemon health stats" [_thread_blocked, id=10048, stack(0x0000000021470000,0x0000000021570000)]
  0x000000001ee70000 JavaThread "Service Thread" daemon [_thread_blocked, id=16904, stack(0x000000001faa0000,0x000000001fba0000)]
  0x000000001edf1000 JavaThread "C1 CompilerThread3" daemon [_thread_blocked, id=17512, stack(0x000000001f9a0000,0x000000001faa0000)]
  0x000000001ede0800 JavaThread "C2 CompilerThread2" daemon [_thread_blocked, id=18080, stack(0x000000001f8a0000,0x000000001f9a0000)]
  0x000000001edda800 JavaThread "C2 CompilerThread1" daemon [_thread_in_native, id=9548, stack(0x000000001f7a0000,0x000000001f8a0000)]
=>0x000000001edd8000 JavaThread "C2 CompilerThread0" daemon [_thread_in_native, id=16288, stack(0x000000001f6a0000,0x000000001f7a0000)]
  0x000000001edd7000 JavaThread "Attach Listener" daemon [_thread_blocked, id=9700, stack(0x000000001f5a0000,0x000000001f6a0000)]
  0x000000001edd5800 JavaThread "Signal Dispatcher" daemon [_thread_blocked, id=15672, stack(0x000000001f4a0000,0x000000001f5a0000)]
  0x000000001edc1800 JavaThread "Finalizer" daemon [_thread_blocked, id=9936, stack(0x000000001f2a0000,0x000000001f3a0000)]
  0x000000001edc0800 JavaThread "Reference Handler" daemon [_thread_blocked, id=17468, stack(0x000000001f1a0000,0x000000001f2a0000)]
  0x00000000033b4800 JavaThread "main" [_thread_blocked, id=3420, stack(0x00000000031c0000,0x00000000032c0000)]

Other Threads:
  0x000000001cfc8800 VMThread [stack: 0x000000001eca0000,0x000000001eda0000] [id=1924]
  0x000000001ee8e800 WatcherThread [stack: 0x000000001fba0000,0x000000001fca0000] [id=11884]

VM state:not at safepoint (normal execution)

VM Mutex/Monitor currently owned by a thread: None

heap address: 0x00000006c0000000, size: 4096 MB, Compressed Oops mode: Zero based, Oop shift amount: 3
Narrow klass base: 0x0000000000000000, Narrow klass shift: 3
Compressed class space size: 1073741824 Address: 0x00000007c0000000

Heap:
 PSYoungGen      total 498176K, used 180542K [0x000000076ab00000, 0x000000078be80000, 0x00000007c0000000)
  eden space 463872K, 38% used [0x000000076ab00000,0x0000000775b4f9c8,0x0000000787000000)
  from space 34304K, 0% used [0x0000000789380000,0x0000000789380000,0x000000078b500000)
  to   space 36352K, 0% used [0x0000000787000000,0x0000000787000000,0x0000000789380000)
 ParOldGen       total 99840K, used 93591K [0x00000006c0000000, 0x00000006c6180000, 0x000000076ab00000)
  object space 99840K, 93% used [0x00000006c0000000,0x00000006c5b65f00,0x00000006c6180000)
 Metaspace       used 89927K, capacity 95636K, committed 96216K, reserved 1132544K
  class space    used 12500K, capacity 13674K, committed 13784K, reserved 1048576K

Card table byte_map: [0x0000000012870000,0x0000000013080000] byte_map_base: 0x000000000f270000

Marking Bits: (ParMarkBitMap*) 0x000000007589be30
 Begin Bits: [0x0000000013de0000, 0x0000000017de0000)
 End Bits:   [0x0000000017de0000, 0x000000001bde0000)

Polling page: 0x0000000001960000

CodeCache: size=245760Kb used=37090Kb max_used=37104Kb free=208669Kb
 bounds [0x00000000034b0000, 0x0000000005920000, 0x00000000124b0000]
 total_blobs=12423 nmethods=11571 adapters=763
 compilation: enabled

Compilation events (10 events):
Event: 36.000 Thread 0x000000001edf1000 nmethod 13645 0x000000000590e810 code [0x000000000590e980, 0x000000000590ebb0]
Event: 36.001 Thread 0x000000001edf1000 13646       3       com.google.common.collect.AbstractIterator::next (34 bytes)
Event: 36.001 Thread 0x000000001edf1000 nmethod 13646 0x000000000590ec90 code [0x000000000590ee20, 0x000000000590f178]
Event: 36.018 Thread 0x000000001edf1000 13647       3       java.lang.Integer::toString (48 bytes)
Event: 36.018 Thread 0x000000001edf1000 nmethod 13647 0x000000000590f290 code [0x000000000590f460, 0x000000000590faa8]
Event: 36.019 Thread 0x000000001edf1000 13648       3       kotlin.jvm.internal.Intrinsics::stringPlus (19 bytes)
Event: 36.019 Thread 0x000000001edf1000 nmethod 13648 0x000000000590fe50 code [0x0000000005910040, 0x0000000005910998]
Event: 36.024 Thread 0x000000001ede0800 nmethod 13630 0x00000000059145d0 code [0x00000000059147a0, 0x00000000059153b8]
Event: 36.024 Thread 0x000000001ede0800 13637       4       kotlin.reflect.jvm.internal.impl.name.Name::asString (13 bytes)
Event: 36.024 Thread 0x000000001ede0800 nmethod 13637 0x0000000005676710 code [0x0000000005676840, 0x00000000056768b8]

GC Heap History (10 events):
Event: 22.749 GC heap before
{Heap before GC invocations=16 (full 3):
 PSYoungGen      total 246784K, used 12250K [0x000000076ab00000, 0x0000000781f00000, 0x00000007c0000000)
  eden space 231424K, 0% used [0x000000076ab00000,0x000000076ab00000,0x0000000778d00000)
  from space 15360K, 79% used [0x0000000778d00000,0x00000007798f6928,0x0000000779c00000)
  to   space 16384K, 0% used [0x0000000780f00000,0x0000000780f00000,0x0000000781f00000)
 ParOldGen       total 67584K, used 30812K [0x00000006c0000000, 0x00000006c4200000, 0x000000076ab00000)
  object space 67584K, 45% used [0x00000006c0000000,0x00000006c1e17040,0x00000006c4200000)
 Metaspace       used 56165K, capacity 59034K, committed 59096K, reserved 1099776K
  class space    used 7768K, capacity 8384K, committed 8408K, reserved 1048576K
Event: 22.953 GC heap after
Heap after GC invocations=16 (full 3):
 PSYoungGen      total 246784K, used 0K [0x000000076ab00000, 0x0000000781f00000, 0x00000007c0000000)
  eden space 231424K, 0% used [0x000000076ab00000,0x000000076ab00000,0x0000000778d00000)
  from space 15360K, 0% used [0x0000000778d00000,0x0000000778d00000,0x0000000779c00000)
  to   space 16384K, 0% used [0x0000000780f00000,0x0000000780f00000,0x0000000781f00000)
 ParOldGen       total 99840K, used 38180K [0x00000006c0000000, 0x00000006c6180000, 0x000000076ab00000)
  object space 99840K, 38% used [0x00000006c0000000,0x00000006c2549310,0x00000006c6180000)
 Metaspace       used 56113K, capacity 58860K, committed 59096K, reserved 1099776K
  class space    used 7752K, capacity 8355K, committed 8408K, reserved 1048576K
}
Event: 25.611 GC heap before
{Heap before GC invocations=17 (full 3):
 PSYoungGen      total 246784K, used 231424K [0x000000076ab00000, 0x0000000781f00000, 0x00000007c0000000)
  eden space 231424K, 100% used [0x000000076ab00000,0x0000000778d00000,0x0000000778d00000)
  from space 15360K, 0% used [0x0000000778d00000,0x0000000778d00000,0x0000000779c00000)
  to   space 16384K, 0% used [0x0000000780f00000,0x0000000780f00000,0x0000000781f00000)
 ParOldGen       total 99840K, used 38180K [0x00000006c0000000, 0x00000006c6180000, 0x000000076ab00000)
  object space 99840K, 38% used [0x00000006c0000000,0x00000006c2549310,0x00000006c6180000)
 Metaspace       used 66333K, capacity 70396K, committed 70488K, reserved 1110016K
  class space    used 9421K, capacity 10262K, committed 10328K, reserved 1048576K
Event: 25.632 GC heap after
Heap after GC invocations=17 (full 3):
 PSYoungGen      total 346624K, used 16375K [0x000000076ab00000, 0x0000000781f00000, 0x00000007c0000000)
  eden space 330240K, 0% used [0x000000076ab00000,0x000000076ab00000,0x000000077ed80000)
  from space 16384K, 99% used [0x0000000780f00000,0x0000000781efdd58,0x0000000781f00000)
  to   space 21504K, 0% used [0x000000077f500000,0x000000077f500000,0x0000000780a00000)
 ParOldGen       total 99840K, used 46329K [0x00000006c0000000, 0x00000006c6180000, 0x000000076ab00000)
  object space 99840K, 46% used [0x00000006c0000000,0x00000006c2d3e418,0x00000006c6180000)
 Metaspace       used 66333K, capacity 70396K, committed 70488K, reserved 1110016K
  class space    used 9421K, capacity 10262K, committed 10328K, reserved 1048576K
}
Event: 29.630 GC heap before
{Heap before GC invocations=18 (full 3):
 PSYoungGen      total 346624K, used 346615K [0x000000076ab00000, 0x0000000781f00000, 0x00000007c0000000)
  eden space 330240K, 100% used [0x000000076ab00000,0x000000077ed80000,0x000000077ed80000)
  from space 16384K, 99% used [0x0000000780f00000,0x0000000781efdd58,0x0000000781f00000)
  to   space 21504K, 0% used [0x000000077f500000,0x000000077f500000,0x0000000780a00000)
 ParOldGen       total 99840K, used 46329K [0x00000006c0000000, 0x00000006c6180000, 0x000000076ab00000)
  object space 99840K, 46% used [0x00000006c0000000,0x00000006c2d3e418,0x00000006c6180000)
 Metaspace       used 80811K, capacity 86306K, committed 86360K, reserved 1122304K
  class space    used 11461K, capacity 12581K, committed 12632K, reserved 1048576K
Event: 29.690 GC heap after
Heap after GC invocations=18 (full 3):
 PSYoungGen      total 359424K, used 21473K [0x000000076ab00000, 0x000000078b500000, 0x00000007c0000000)
  eden space 337920K, 0% used [0x000000076ab00000,0x000000076ab00000,0x000000077f500000)
  from space 21504K, 99% used [0x000000077f500000,0x00000007809f84e0,0x0000000780a00000)
  to   space 34304K, 0% used [0x0000000789380000,0x0000000789380000,0x000000078b500000)
 ParOldGen       total 99840K, used 73082K [0x00000006c0000000, 0x00000006c6180000, 0x000000076ab00000)
  object space 99840K, 73% used [0x00000006c0000000,0x00000006c475e888,0x00000006c6180000)
 Metaspace       used 80811K, capacity 86306K, committed 86360K, reserved 1122304K
  class space    used 11461K, capacity 12581K, committed 12632K, reserved 1048576K
}
Event: 33.653 GC heap before
{Heap before GC invocations=19 (full 3):
 PSYoungGen      total 359424K, used 359393K [0x000000076ab00000, 0x000000078b500000, 0x00000007c0000000)
  eden space 337920K, 100% used [0x000000076ab00000,0x000000077f500000,0x000000077f500000)
  from space 21504K, 99% used [0x000000077f500000,0x00000007809f84e0,0x0000000780a00000)
  to   space 34304K, 0% used [0x0000000789380000,0x0000000789380000,0x000000078b500000)
 ParOldGen       total 99840K, used 73082K [0x00000006c0000000, 0x00000006c6180000, 0x000000076ab00000)
  object space 99840K, 73% used [0x00000006c0000000,0x00000006c475e888,0x00000006c6180000)
 Metaspace       used 86291K, capacity 92410K, committed 92504K, reserved 1128448K
  class space    used 12120K, capacity 13331K, committed 13400K, reserved 1048576K
Event: 33.704 GC heap after
Heap after GC invocations=19 (full 3):
 PSYoungGen      total 498176K, used 24729K [0x000000076ab00000, 0x000000078be80000, 0x00000007c0000000)
  eden space 463872K, 0% used [0x000000076ab00000,0x000000076ab00000,0x0000000787000000)
  from space 34304K, 72% used [0x0000000789380000,0x000000078aba6530,0x000000078b500000)
  to   space 36352K, 0% used [0x0000000787000000,0x0000000787000000,0x0000000789380000)
 ParOldGen       total 99840K, used 93226K [0x00000006c0000000, 0x00000006c6180000, 0x000000076ab00000)
  object space 99840K, 93% used [0x00000006c0000000,0x00000006c5b0a8a8,0x00000006c6180000)
 Metaspace       used 86291K, capacity 92410K, committed 92504K, reserved 1128448K
  class space    used 12120K, capacity 13331K, committed 13400K, reserved 1048576K
}
Event: 33.704 GC heap before
{Heap before GC invocations=20 (full 4):
 PSYoungGen      total 498176K, used 24729K [0x000000076ab00000, 0x000000078be80000, 0x00000007c0000000)
  eden space 463872K, 0% used [0x000000076ab00000,0x000000076ab00000,0x0000000787000000)
  from space 34304K, 72% used [0x0000000789380000,0x000000078aba6530,0x000000078b500000)
  to   space 36352K, 0% used [0x0000000787000000,0x0000000787000000,0x0000000789380000)
 ParOldGen       total 99840K, used 93226K [0x00000006c0000000, 0x00000006c6180000, 0x000000076ab00000)
  object space 99840K, 93% used [0x00000006c0000000,0x00000006c5b0a8a8,0x00000006c6180000)
 Metaspace       used 86291K, capacity 92410K, committed 92504K, reserved 1128448K
  class space    used 12120K, capacity 13331K, committed 13400K, reserved 1048576K
Event: 34.738 GC heap after
Heap after GC invocations=20 (full 4):
 PSYoungGen      total 498176K, used 0K [0x000000076ab00000, 0x000000078be80000, 0x00000007c0000000)
  eden space 463872K, 0% used [0x000000076ab00000,0x000000076ab00000,0x0000000787000000)
  from space 34304K, 0% used [0x0000000789380000,0x0000000789380000,0x000000078b500000)
  to   space 36352K, 0% used [0x0000000787000000,0x0000000787000000,0x0000000789380000)
 ParOldGen       total 99840K, used 93591K [0x00000006c0000000, 0x00000006c6180000, 0x000000076ab00000)
  object space 99840K, 93% used [0x00000006c0000000,0x00000006c5b65f00,0x00000006c6180000)
 Metaspace       used 86054K, capacity 91716K, committed 92504K, reserved 1128448K
  class space    used 12044K, capacity 13202K, committed 13400K, reserved 1048576K
}

Deoptimization events (10 events):
Event: 35.224 Thread 0x0000000031970000 Uncommon trap: reason=class_check action=maybe_recompile pc=0x0000000005562cf4 method=org.gradle.internal.snapshot.LargeChildMap.withNode(Lorg/gradle/internal/snapshot/VfsRelativePath;Lorg/gradle/internal/snapshot/CaseSensitivity;Lorg/gradle/internal/snap
Event: 35.298 Thread 0x000000002722b000 Uncommon trap: reason=bimorphic action=maybe_recompile pc=0x0000000003fedc40 method=kotlin.reflect.jvm.internal.impl.protobuf.CodedInputStream.tryRefillBuffer(I)Z @ 175
Event: 35.299 Thread 0x0000000031976000 Uncommon trap: reason=bimorphic action=maybe_recompile pc=0x0000000003fedc40 method=kotlin.reflect.jvm.internal.impl.protobuf.CodedInputStream.tryRefillBuffer(I)Z @ 175
Event: 35.299 Thread 0x0000000021c01800 Uncommon trap: reason=bimorphic action=maybe_recompile pc=0x0000000003fedc40 method=kotlin.reflect.jvm.internal.impl.protobuf.CodedInputStream.tryRefillBuffer(I)Z @ 175
Event: 35.316 Thread 0x0000000021c01800 Uncommon trap: reason=bimorphic action=maybe_recompile pc=0x0000000003fedc40 method=kotlin.reflect.jvm.internal.impl.protobuf.CodedInputStream.tryRefillBuffer(I)Z @ 175
Event: 35.321 Thread 0x0000000031976000 Uncommon trap: reason=unstable_if action=reinterpret pc=0x0000000005674208 method=kotlin.reflect.jvm.internal.impl.protobuf.CodedInputStream.readRawVarint32()I @ 10
Event: 35.322 Thread 0x000000002722b000 Uncommon trap: reason=unstable_if action=reinterpret pc=0x00000000048df834 method=kotlin.reflect.jvm.internal.impl.protobuf.CodedInputStream.readRawVarint32()I @ 10
Event: 35.402 Thread 0x0000000031970000 Uncommon trap: reason=class_check action=maybe_recompile pc=0x0000000005562cf4 method=org.gradle.internal.snapshot.LargeChildMap.withNode(Lorg/gradle/internal/snapshot/VfsRelativePath;Lorg/gradle/internal/snapshot/CaseSensitivity;Lorg/gradle/internal/snap
Event: 35.702 Thread 0x000000001edef800 Uncommon trap: reason=unstable_if action=reinterpret pc=0x00000000053a8f2c method=org.gradle.internal.time.DefaultCountdownTimer.hasExpired()Z @ 6
Event: 35.987 Thread 0x000000002722b000 Uncommon trap: reason=unstable_if action=reinterpret pc=0x000000000503f754 method=kotlin.reflect.jvm.internal.ReflectProperties$LazySoftVal.<init>(Ljava/lang/Object;Lkotlin/jvm/functions/Function0;)V @ 23

Classes redefined (0 events):
No events

Internal exceptions (10 events):
Event: 33.553 Thread 0x0000000031975000 Exception <a 'java/lang/NoSuchMethodError': <clinit>> (0x000000077e0a1060) thrown at [C:\ade\jenkins\workspace\8-2-build-windows-amd64-cygwin\jdk8u241\331\hotspot\src\share\vm\prims\jni.cpp, line 1614]
Event: 33.553 Thread 0x0000000031975000 Exception <a 'java/lang/NoSuchMethodError': <clinit>> (0x000000077e0a2510) thrown at [C:\ade\jenkins\workspace\8-2-build-windows-amd64-cygwin\jdk8u241\331\hotspot\src\share\vm\prims\jni.cpp, line 1614]
Event: 34.895 Thread 0x0000000031975000 Exception <a 'sun/nio/fs/WindowsException'> (0x000000076cbe4f80) thrown at [C:\ade\jenkins\workspace\8-2-build-windows-amd64-cygwin\jdk8u241\331\hotspot\src\share\vm\prims\jni.cpp, line 710]
Event: 34.895 Thread 0x0000000031975000 Exception <a 'sun/nio/fs/WindowsException'> (0x000000076cbe6410) thrown at [C:\ade\jenkins\workspace\8-2-build-windows-amd64-cygwin\jdk8u241\331\hotspot\src\share\vm\prims\jni.cpp, line 710]
Event: 34.896 Thread 0x0000000031975000 Exception <a 'sun/nio/fs/WindowsException'> (0x000000076cbe7300) thrown at [C:\ade\jenkins\workspace\8-2-build-windows-amd64-cygwin\jdk8u241\331\hotspot\src\share\vm\prims\jni.cpp, line 710]
Event: 34.896 Thread 0x0000000031975000 Exception <a 'sun/nio/fs/WindowsException'> (0x000000076cbe8770) thrown at [C:\ade\jenkins\workspace\8-2-build-windows-amd64-cygwin\jdk8u241\331\hotspot\src\share\vm\prims\jni.cpp, line 710]
Event: 34.896 Thread 0x0000000031975000 Exception <a 'sun/nio/fs/WindowsException'> (0x000000076cbe9498) thrown at [C:\ade\jenkins\workspace\8-2-build-windows-amd64-cygwin\jdk8u241\331\hotspot\src\share\vm\prims\jni.cpp, line 710]
Event: 34.896 Thread 0x0000000031975000 Exception <a 'sun/nio/fs/WindowsException'> (0x000000076cbea8d8) thrown at [C:\ade\jenkins\workspace\8-2-build-windows-amd64-cygwin\jdk8u241\331\hotspot\src\share\vm\prims\jni.cpp, line 710]
Event: 34.917 Thread 0x0000000031975000 Exception <a 'java/lang/NoSuchMethodError': <clinit>> (0x000000076ce8f4d0) thrown at [C:\ade\jenkins\workspace\8-2-build-windows-amd64-cygwin\jdk8u241\331\hotspot\src\share\vm\prims\jni.cpp, line 1614]
Event: 34.929 Thread 0x0000000031975000 Exception <a 'java/lang/NoSuchMethodError': <clinit>> (0x000000076d553748) thrown at [C:\ade\jenkins\workspace\8-2-build-windows-amd64-cygwin\jdk8u241\331\hotspot\src\share\vm\prims\jni.cpp, line 1614]

Events (10 events):
Event: 36.004 loading class kotlin/reflect/jvm/internal/FunctionWithAllInvokes
Event: 36.004 loading class kotlin/reflect/jvm/internal/FunctionWithAllInvokes done
Event: 36.011 loading class kotlin/reflect/jvm/internal/impl/metadata/jvm/deserialization/ClassMapperLite
Event: 36.011 loading class kotlin/reflect/jvm/internal/impl/metadata/jvm/deserialization/ClassMapperLite done
Event: 36.018 loading class kotlin/reflect/jvm/internal/impl/metadata/jvm/deserialization/JvmMemberSignature$Method
Event: 36.018 loading class kotlin/reflect/jvm/internal/impl/metadata/jvm/deserialization/JvmMemberSignature$Method done
Event: 36.020 loading class kotlin/reflect/jvm/internal/impl/metadata/jvm/deserialization/JvmMemberSignature
Event: 36.020 loading class kotlin/reflect/jvm/internal/impl/metadata/jvm/deserialization/JvmMemberSignature done
Event: 36.021 loading class kotlin/reflect/jvm/internal/JvmFunctionSignature$KotlinFunction
Event: 36.021 loading class kotlin/reflect/jvm/internal/JvmFunctionSignature$KotlinFunction done


Dynamic libraries:
0x00007ff7fa290000 - 0x00007ff7fa2c7000 	C:\Program Files\Java\jdk1.8.0_241\bin\java.exe
0x00007ff880310000 - 0x00007ff880505000 	C:\WINDOWS\SYSTEM32\ntdll.dll
0x00007ff87ffc0000 - 0x00007ff88007e000 	C:\WINDOWS\System32\KERNEL32.DLL
0x00007ff87df10000 - 0x00007ff87e1d8000 	C:\WINDOWS\System32\KERNELBASE.dll
0x00007ff87f380000 - 0x00007ff87f42e000 	C:\WINDOWS\System32\ADVAPI32.dll
0x00007ff880200000 - 0x00007ff88029e000 	C:\WINDOWS\System32\msvcrt.dll
0x00007ff880160000 - 0x00007ff8801fc000 	C:\WINDOWS\System32\sechost.dll
0x00007ff87e9d0000 - 0x00007ff87eaf5000 	C:\WINDOWS\System32\RPCRT4.dll
0x00007ff87e3c0000 - 0x00007ff87e560000 	C:\WINDOWS\System32\USER32.dll
0x00007ff87de20000 - 0x00007ff87de42000 	C:\WINDOWS\System32\win32u.dll
0x00007ff87eb80000 - 0x00007ff87ebab000 	C:\WINDOWS\System32\GDI32.dll
0x00007ff87dab0000 - 0x00007ff87dbbb000 	C:\WINDOWS\System32\gdi32full.dll
0x00007ff87e2a0000 - 0x00007ff87e33d000 	C:\WINDOWS\System32\msvcp_win.dll
0x00007ff87dbc0000 - 0x00007ff87dcc0000 	C:\WINDOWS\System32\ucrtbase.dll
0x00007ff869ae0000 - 0x00007ff869d7a000 	C:\WINDOWS\WinSxS\amd64_microsoft.windows.common-controls_6595b64144ccf1df_6.0.19041.1110_none_60b5254171f9507e\COMCTL32.dll
0x00007ff87fc90000 - 0x00007ff87fcc0000 	C:\WINDOWS\System32\IMM32.DLL
0x0000000075920000 - 0x00000000759f2000 	C:\Program Files\Java\jdk1.8.0_241\jre\bin\msvcr100.dll
0x0000000075070000 - 0x000000007591c000 	C:\Program Files\Java\jdk1.8.0_241\jre\bin\server\jvm.dll
0x00007ff87fe20000 - 0x00007ff87fe28000 	C:\WINDOWS\System32\PSAPI.DLL
0x00007ff8634c0000 - 0x00007ff8634c9000 	C:\WINDOWS\SYSTEM32\WSOCK32.dll
0x00007ff863d90000 - 0x00007ff863db7000 	C:\WINDOWS\SYSTEM32\WINMM.dll
0x00007ff875c10000 - 0x00007ff875c1a000 	C:\WINDOWS\SYSTEM32\VERSION.dll
0x00007ff87f310000 - 0x00007ff87f37b000 	C:\WINDOWS\System32\WS2_32.dll
0x00007ff873a20000 - 0x00007ff873a2f000 	C:\Program Files\Java\jdk1.8.0_241\jre\bin\verify.dll
0x00007ff8438e0000 - 0x00007ff843909000 	C:\Program Files\Java\jdk1.8.0_241\jre\bin\java.dll
0x00007ff869650000 - 0x00007ff869666000 	C:\Program Files\Java\jdk1.8.0_241\jre\bin\zip.dll
0x00007ff87f430000 - 0x00007ff87fb74000 	C:\WINDOWS\System32\SHELL32.dll
0x00007ff87b9d0000 - 0x00007ff87c164000 	C:\WINDOWS\SYSTEM32\windows.storage.dll
0x00007ff87ebb0000 - 0x00007ff87ef04000 	C:\WINDOWS\System32\combase.dll
0x00007ff87d380000 - 0x00007ff87d3ac000 	C:\WINDOWS\SYSTEM32\Wldp.dll
0x00007ff87ef80000 - 0x00007ff87f02d000 	C:\WINDOWS\System32\SHCORE.dll
0x00007ff87e340000 - 0x00007ff87e395000 	C:\WINDOWS\System32\shlwapi.dll
0x00007ff87d940000 - 0x00007ff87d95f000 	C:\WINDOWS\SYSTEM32\profapi.dll
0x00007ff8691e0000 - 0x00007ff8691fa000 	C:\Program Files\Java\jdk1.8.0_241\jre\bin\net.dll
0x00007ff87d160000 - 0x00007ff87d1ca000 	C:\WINDOWS\system32\mswsock.dll
0x00007ff867f40000 - 0x00007ff867f52000 	C:\Program Files\Java\jdk1.8.0_241\jre\bin\nio.dll
0x00007ff842f00000 - 0x00007ff842f27000 	C:\Users\catalin.pirvu\.gradle\native\e1d6ef7f7dcc3fd88c89a11ec53ec762bb8ba0a96d01ffa2cd45eb1d1d8dd5c5\windows-amd64\native-platform.dll
0x00007ff82cd10000 - 0x00007ff82ce54000 	C:\Users\catalin.pirvu\.gradle\native\5664cfc778a61ccfe75a443a1ab52a65af34e5dc3c78e0209fed803814484fcb\windows-amd64\native-platform-file-events.dll
0x00007ff869410000 - 0x00007ff86941d000 	C:\Program Files\Java\jdk1.8.0_241\jre\bin\management.dll
0x00007ff87d3c0000 - 0x00007ff87d3d8000 	C:\WINDOWS\SYSTEM32\CRYPTSP.dll
0x00007ff87ca90000 - 0x00007ff87cac4000 	C:\WINDOWS\system32\rsaenh.dll
0x00007ff87de50000 - 0x00007ff87de77000 	C:\WINDOWS\System32\bcrypt.dll
0x00007ff87d8c0000 - 0x00007ff87d8ee000 	C:\WINDOWS\SYSTEM32\USERENV.dll
0x00007ff87de80000 - 0x00007ff87df02000 	C:\WINDOWS\System32\bcryptprimitives.dll
0x00007ff87d2f0000 - 0x00007ff87d2fc000 	C:\WINDOWS\SYSTEM32\CRYPTBASE.dll
0x00007ff87ce20000 - 0x00007ff87ce5b000 	C:\WINDOWS\SYSTEM32\IPHLPAPI.DLL
0x00007ff87ef70000 - 0x00007ff87ef78000 	C:\WINDOWS\System32\NSI.dll
0x00007ff877590000 - 0x00007ff8775a7000 	C:\WINDOWS\SYSTEM32\dhcpcsvc6.DLL
0x00007ff877340000 - 0x00007ff87735d000 	C:\WINDOWS\SYSTEM32\dhcpcsvc.DLL
0x00007ff87ce70000 - 0x00007ff87cf3a000 	C:\WINDOWS\SYSTEM32\DNSAPI.dll

VM Arguments:
jvm_args: -XX:MaxPermSize=4096m -XX:+HeapDumpOnOutOfMemoryError -Xmx4096m -Dfile.encoding=windows-1252 -Duser.country=US -Duser.language=en -Duser.variant 
java_command: org.gradle.launcher.daemon.bootstrap.GradleDaemon 7.2
java_class_path (initial): C:\Users\catalin.pirvu\.gradle\wrapper\dists\gradle-7.2-all\260hg96vuh6ex27h9vo47iv4d\gradle-7.2\lib\gradle-launcher-7.2.jar
Launcher Type: SUN_STANDARD

Environment Variables:
JAVA_HOME=C:\Program Files\Java\jdk1.8.0_241
CLASSPATH=D:\Files\react_native_projects\Sportify\android\\gradle\wrapper\gradle-wrapper.jar
USERNAME=catalin.pirvu
OS=Windows_NT
PROCESSOR_IDENTIFIER=Intel64 Family 6 Model 142 Stepping 10, GenuineIntel



---------------  S Y S T E M  ---------------

OS: Windows 10.0 , 64 bit Build 19041 (10.0.19041.1566)

CPU:total 8 (initial active 8) (4 cores per cpu, 2 threads per core) family 6 model 142 stepping 10, cmov, cx8, fxsr, mmx, sse, sse2, sse3, ssse3, sse4.1, sse4.2, popcnt, avx, avx2, aes, clmul, erms, 3dnowpref, lzcnt, ht, tsc, tscinvbit, bmi1, bmi2, adx

Memory: 4k page, physical 8239316k(373364k free), swap 15892176k(100k free)

vm_info: Java HotSpot(TM) 64-Bit Server VM (25.241-b07) for windows-amd64 JRE (1.8.0_241-b07), built on Dec 11 2019 10:21:40 by "rejava" with MS VC++ 10.0 (VS2010)

time: Tue Apr 05 15:38:57 2022
timezone: GTB Daylight Time
elapsed time: 36 seconds (0d 0h 0m 36s)

